<?xml version="1.0" encoding="UTF-8"?>
<testsuite name="com.example.assignment.leaderboard.DefaultLeaderboardEngineTest" tests="4" skipped="0" failures="0" errors="0" timestamp="2026-07-28T21:17:19.529Z" hostname="LM0005258" time="0.099">
  <properties/>
  <testcase name="derives a correctly ranked leaderboard from a stream of score events" classname="com.example.assignment.leaderboard.DefaultLeaderboardEngineTest" time="0.094"/>
  <testcase name="does not re-emit when the computed ranking has not actually changed" classname="com.example.assignment.leaderboard.DefaultLeaderboardEngineTest" time="0.002"/>
  <testcase name="never generates its own events - purely derives state from what it is given" classname="com.example.assignment.leaderboard.DefaultLeaderboardEngineTest" time="0.002"/>
  <testcase name="re-ranks as scores overtake each other in real time" classname="com.example.assignment.leaderboard.DefaultLeaderboardEngineTest" time="0.001"/>
  <system-out><![CDATA[]]></system-out>
  <system-err><![CDATA[]]></system-err>
</testsuite>
