<?xml version="1.0" encoding="UTF-8"?>
<testsuite name="com.example.assignment.engine.RandomScoreEngineTest" tests="6" skipped="0" failures="0" errors="0" timestamp="2026-07-28T21:19:46.108Z" hostname="LM0005258" time="0.136">
  <properties/>
  <testcase name="delay between consecutive emissions stays within the configured bounds" classname="com.example.assignment.engine.RandomScoreEngineTest" time="0.099"/>
  <testcase name="a user's score only ever increases" classname="com.example.assignment.engine.RandomScoreEngineTest" time="0.018"/>
  <testcase name="rejects an empty player pool" classname="com.example.assignment.engine.RandomScoreEngineTest" time="0.001"/>
  <testcase name="different seeds produce different event sequences" classname="com.example.assignment.engine.RandomScoreEngineTest" time="0.006"/>
  <testcase name="same seed produces an identical deterministic event sequence" classname="com.example.assignment.engine.RandomScoreEngineTest" time="0.006"/>
  <testcase name="targets random users across the full player pool" classname="com.example.assignment.engine.RandomScoreEngineTest" time="0.005"/>
  <system-out><![CDATA[]]></system-out>
  <system-err><![CDATA[]]></system-err>
</testsuite>
